[debug] [2020-09-04T10:03:49.799Z] ----------------------------------------------------------------------
[debug] [2020-09-04T10:03:49.799Z] Command:       C:\Program Files\nodejs\node.exe C:\Users\hp.LAPTOP-B0O86KB0\AppData\Roaming\npm\node_modules\firebase-tools\lib\bin\firebase.js init
[debug] [2020-09-04T10:03:49.799Z] CLI Version:   8.10.0
[debug] [2020-09-04T10:03:49.799Z] Platform:      win32
[debug] [2020-09-04T10:03:49.799Z] Node Version:  v12.18.0
[debug] [2020-09-04T10:03:49.799Z] Time:          Fri Sep 04 2020 15:03:49 GMT+0500 (Pakistan Standard Time)
[debug] [2020-09-04T10:03:49.799Z] ----------------------------------------------------------------------
[debug] [2020-09-04T10:03:49.799Z] 
[debug] [2020-09-04T10:03:49.831Z] > command requires scopes: ["email","openid","https://www.googleapis.com/auth/cloudplatformprojects.readonly","https://www.googleapis.com/auth/firebase","https://www.googleapis.com/auth/cloud-platform"]
[debug] [2020-09-04T10:03:49.839Z] > authorizing via signed-in user
[info] 
     ######## #### ########  ######## ########     ###     ######  ########
     ##        ##  ##     ## ##       ##     ##  ##   ##  ##       ##
     ######    ##  ########  ######   ########  #########  ######  ######
     ##        ##  ##    ##  ##       ##     ## ##     ##       ## ##
     ##       #### ##     ## ######## ########  ##     ##  ######  ########

You're about to initialize a Firebase project in this directory:

  C:\Users\hp.LAPTOP-B0O86KB0\Documents\Educational Documents\Boot Camp 2020\expensetrackerusingtypescript

Before we get started, keep in mind:

  * You are initializing in an existing Firebase project directory

[info] 
=== Project Setup
[info] 
[info] First, let's associate this project directory with a Firebase project.
[info] You can create multiple project aliases by running firebase use --add, 
[info] but for now we'll just set up a default project.
[info] 
[info] i  .firebaserc already has a default project, using expensetrackerappusingts. 
[debug] [2020-09-04T10:03:58.201Z] > refreshing access token with scopes: ["email","https://www.googleapis.com/auth/cloud-platform","https://www.googleapis.com/auth/cloudplatformprojects.readonly","https://www.googleapis.com/auth/firebase","openid"]
[debug] [2020-09-04T10:03:58.201Z] >>> HTTP REQUEST POST https://www.googleapis.com/oauth2/v3/token  
 <request body omitted>
[debug] [2020-09-04T10:03:59.126Z] <<< HTTP RESPONSE 200 {"content-type":"application/json; charset=utf-8","vary":"X-Origin, Referer, Origin,Accept-Encoding","date":"Fri, 04 Sep 2020 10:03:57 GMT","server":"scaffolding on HTTPServer2","cache-control":"private","x-xss-protection":"0","x-frame-options":"SAMEORIGIN","x-content-type-options":"nosniff","alt-svc":"h3-29=\":443\"; ma=2592000,h3-27=\":443\"; ma=2592000,h3-T051=\":443\"; ma=2592000,h3-T050=\":443\"; ma=2592000,h3-Q050=\":443\"; ma=2592000,h3-Q046=\":443\"; ma=2592000,h3-Q043=\":443\"; ma=2592000,quic=\":443\"; ma=2592000; v=\"46,43\"","accept-ranges":"none","transfer-encoding":"chunked"}
[debug] [2020-09-04T10:03:59.236Z] >>> HTTP REQUEST GET https://firebase.googleapis.com/v1beta1/projects/expensetrackerappusingts  
 
[debug] [2020-09-04T10:04:00.292Z] <<< HTTP RESPONSE 200 {"content-type":"application/json; charset=UTF-8","vary":"X-Origin, Referer, Origin,Accept-Encoding","date":"Fri, 04 Sep 2020 10:03:58 GMT","server":"ESF","cache-control":"private","x-xss-protection":"0","x-frame-options":"SAMEORIGIN","x-content-type-options":"nosniff","alt-svc":"h3-29=\":443\"; ma=2592000,h3-27=\":443\"; ma=2592000,h3-T051=\":443\"; ma=2592000,h3-T050=\":443\"; ma=2592000,h3-Q050=\":443\"; ma=2592000,h3-Q046=\":443\"; ma=2592000,h3-Q043=\":443\"; ma=2592000,quic=\":443\"; ma=2592000; v=\"46,43\"","accept-ranges":"none","transfer-encoding":"chunked"}
[info] 
=== Hosting Setup
[info] 
[info] Your public directory is the folder (relative to your project directory) that
[info] will contain Hosting assets to be uploaded with firebase deploy. If you
[info] have a build process for your assets, use your build's output directory.
[info] 
[debug] [2020-09-04T10:04:59.769Z] ----------------------------------------------------------------------
[debug] [2020-09-04T10:04:59.777Z] Command:       C:\Program Files\nodejs\node.exe C:\Users\hp.LAPTOP-B0O86KB0\AppData\Roaming\npm\node_modules\firebase-tools\lib\bin\firebase.js init
[debug] [2020-09-04T10:04:59.777Z] CLI Version:   8.10.0
[debug] [2020-09-04T10:04:59.777Z] Platform:      win32
[debug] [2020-09-04T10:04:59.777Z] Node Version:  v12.18.0
[debug] [2020-09-04T10:04:59.777Z] Time:          Fri Sep 04 2020 15:04:59 GMT+0500 (Pakistan Standard Time)
[debug] [2020-09-04T10:04:59.785Z] ----------------------------------------------------------------------
[debug] [2020-09-04T10:04:59.785Z] 
[debug] [2020-09-04T10:04:59.801Z] > command requires scopes: ["email","openid","https://www.googleapis.com/auth/cloudplatformprojects.readonly","https://www.googleapis.com/auth/firebase","https://www.googleapis.com/auth/cloud-platform"]
[debug] [2020-09-04T10:04:59.809Z] > authorizing via signed-in user
[info] 
     ######## #### ########  ######## ########     ###     ######  ########
     ##        ##  ##     ## ##       ##     ##  ##   ##  ##       ##
     ######    ##  ########  ######   ########  #########  ######  ######
     ##        ##  ##    ##  ##       ##     ## ##     ##       ## ##
     ##       #### ##     ## ######## ########  ##     ##  ######  ########

You're about to initialize a Firebase project in this directory:

  C:\Users\hp.LAPTOP-B0O86KB0\Documents\Educational Documents\Boot Camp 2020\expensetrackerusingtypescript

Before we get started, keep in mind:

  * You are initializing in an existing Firebase project directory

